<?xml version="1.0" encoding="UTF-8"?>
<testsuite xmlns:xsi="http://www.w3.org/2001/XMLSchema-instance" xsi:noNamespaceSchemaLocation="https://maven.apache.org/surefire/maven-surefire-plugin/xsd/surefire-test-report.xsd" name="com.awsquickstarts.AppTest" time="0.032" tests="1" errors="0" skipped="0" failures="0">
  <properties>
    <property name="java.specification.version" value="17"/>
    <property name="sun.cpu.isalist" value="amd64"/>
    <property name="sun.jnu.encoding" value="Cp1252"/>
    <property name="java.class.path" value="D:\GIANLUCA\Programacao\workspace\visual-studio\aws-quickstarts\sns\snsjavasdk\javasdk\target\test-classes;D:\GIANLUCA\Programacao\workspace\visual-studio\aws-quickstarts\sns\snsjavasdk\javasdk\target\classes;D:\GIANLUCA\Programacao\Ambiente\maven_repository\software\amazon\awssdk\sns\2.10.54\sns-2.10.54.jar;D:\GIANLUCA\Programacao\Ambiente\maven_repository\software\amazon\awssdk\aws-query-protocol\2.10.54\aws-query-protocol-2.10.54.jar;D:\GIANLUCA\Programacao\Ambiente\maven_repository\software\amazon\awssdk\protocol-core\2.10.54\protocol-core-2.10.54.jar;D:\GIANLUCA\Programacao\Ambiente\maven_repository\software\amazon\awssdk\sdk-core\2.10.54\sdk-core-2.10.54.jar;D:\GIANLUCA\Programacao\Ambiente\maven_repository\software\amazon\awssdk\profiles\2.10.54\profiles-2.10.54.jar;D:\GIANLUCA\Programacao\Ambiente\maven_repository\org\slf4j\slf4j-api\1.7.28\slf4j-api-1.7.28.jar;D:\GIANLUCA\Programacao\Ambiente\maven_repository\com\fasterxml\jackson\core\jackson-core\2.10.0\jackson-core-2.10.0.jar;D:\GIANLUCA\Programacao\Ambiente\maven_repository\com\fasterxml\jackson\core\jackson-databind\2.10.0\jackson-databind-2.10.0.jar;D:\GIANLUCA\Programacao\Ambiente\maven_repository\org\reactivestreams\reactive-streams\1.0.2\reactive-streams-1.0.2.jar;D:\GIANLUCA\Programacao\Ambiente\maven_repository\software\amazon\awssdk\auth\2.10.54\auth-2.10.54.jar;D:\GIANLUCA\Programacao\Ambiente\maven_repository\software\amazon\eventstream\eventstream\1.0.1\eventstream-1.0.1.jar;D:\GIANLUCA\Programacao\Ambiente\maven_repository\software\amazon\awssdk\http-client-spi\2.10.54\http-client-spi-2.10.54.jar;D:\GIANLUCA\Programacao\Ambiente\maven_repository\software\amazon\awssdk\regions\2.10.54\regions-2.10.54.jar;D:\GIANLUCA\Programacao\Ambiente\maven_repository\com\fasterxml\jackson\core\jackson-annotations\2.9.0\jackson-annotations-2.9.0.jar;D:\GIANLUCA\Programacao\Ambiente\maven_repository\software\amazon\awssdk\annotations\2.10.54\annotations-2.10.54.jar;D:\GIANLUCA\Programacao\Ambiente\maven_repository\software\amazon\awssdk\utils\2.10.54\utils-2.10.54.jar;D:\GIANLUCA\Programacao\Ambiente\maven_repository\software\amazon\awssdk\aws-core\2.10.54\aws-core-2.10.54.jar;D:\GIANLUCA\Programacao\Ambiente\maven_repository\software\amazon\awssdk\apache-client\2.10.54\apache-client-2.10.54.jar;D:\GIANLUCA\Programacao\Ambiente\maven_repository\org\apache\httpcomponents\httpclient\4.5.9\httpclient-4.5.9.jar;D:\GIANLUCA\Programacao\Ambiente\maven_repository\commons-logging\commons-logging\1.2\commons-logging-1.2.jar;D:\GIANLUCA\Programacao\Ambiente\maven_repository\commons-codec\commons-codec\1.11\commons-codec-1.11.jar;D:\GIANLUCA\Programacao\Ambiente\maven_repository\org\apache\httpcomponents\httpcore\4.4.11\httpcore-4.4.11.jar;D:\GIANLUCA\Programacao\Ambiente\maven_repository\software\amazon\awssdk\netty-nio-client\2.10.54\netty-nio-client-2.10.54.jar;D:\GIANLUCA\Programacao\Ambiente\maven_repository\io\netty\netty-codec-http\4.1.42.Final\netty-codec-http-4.1.42.Final.jar;D:\GIANLUCA\Programacao\Ambiente\maven_repository\io\netty\netty-codec-http2\4.1.42.Final\netty-codec-http2-4.1.42.Final.jar;D:\GIANLUCA\Programacao\Ambiente\maven_repository\io\netty\netty-codec\4.1.42.Final\netty-codec-4.1.42.Final.jar;D:\GIANLUCA\Programacao\Ambiente\maven_repository\io\netty\netty-transport\4.1.42.Final\netty-transport-4.1.42.Final.jar;D:\GIANLUCA\Programacao\Ambiente\maven_repository\io\netty\netty-resolver\4.1.42.Final\netty-resolver-4.1.42.Final.jar;D:\GIANLUCA\Programacao\Ambiente\maven_repository\io\netty\netty-common\4.1.42.Final\netty-common-4.1.42.Final.jar;D:\GIANLUCA\Programacao\Ambiente\maven_repository\io\netty\netty-buffer\4.1.42.Final\netty-buffer-4.1.42.Final.jar;D:\GIANLUCA\Programacao\Ambiente\maven_repository\io\netty\netty-handler\4.1.42.Final\netty-handler-4.1.42.Final.jar;D:\GIANLUCA\Programacao\Ambiente\maven_repository\io\netty\netty-transport-native-epoll\4.1.42.Final\netty-transport-native-epoll-4.1.42.Final-linux-x86_64.jar;D:\GIANLUCA\Programacao\Ambiente\maven_repository\io\netty\netty-transport-native-unix-common\4.1.42.Final\netty-transport-native-unix-common-4.1.42.Final.jar;D:\GIANLUCA\Programacao\Ambiente\maven_repository\com\typesafe\netty\netty-reactive-streams-http\2.0.4\netty-reactive-streams-http-2.0.4.jar;D:\GIANLUCA\Programacao\Ambiente\maven_repository\com\typesafe\netty\netty-reactive-streams\2.0.4\netty-reactive-streams-2.0.4.jar;D:\GIANLUCA\Programacao\Ambiente\maven_repository\junit\junit\4.11\junit-4.11.jar;D:\GIANLUCA\Programacao\Ambiente\maven_repository\org\hamcrest\hamcrest-core\1.3\hamcrest-core-1.3.jar;"/>
    <property name="java.vm.vendor" value="Oracle Corporation"/>
    <property name="sun.arch.data.model" value="64"/>
    <property name="user.variant" value=""/>
    <property name="java.vendor.url" value="https://java.oracle.com/"/>
    <property name="user.timezone" value="America/Sao_Paulo"/>
    <property name="os.name" value="Windows 10"/>
    <property name="java.vm.specification.version" value="17"/>
    <property name="sun.java.launcher" value="SUN_STANDARD"/>
    <property name="user.country" value="BR"/>
    <property name="sun.boot.library.path" value="C:\Program Files\Java\jdk-17.0.1\bin"/>
    <property name="sun.java.command" value="C:\Users\gianh\AppData\Local\Temp\surefire17524708489408685368\surefirebooter6759605224755869266.jar C:\Users\gianh\AppData\Local\Temp\surefire17524708489408685368 2022-05-30T09-29-03_758-jvmRun1 surefire16943803615748810135tmp surefire_04457654977344658823tmp"/>
    <property name="jdk.debug" value="release"/>
    <property name="surefire.test.class.path" value="D:\GIANLUCA\Programacao\workspace\visual-studio\aws-quickstarts\sns\snsjavasdk\javasdk\target\test-classes;D:\GIANLUCA\Programacao\workspace\visual-studio\aws-quickstarts\sns\snsjavasdk\javasdk\target\classes;D:\GIANLUCA\Programacao\Ambiente\maven_repository\software\amazon\awssdk\sns\2.10.54\sns-2.10.54.jar;D:\GIANLUCA\Programacao\Ambiente\maven_repository\software\amazon\awssdk\aws-query-protocol\2.10.54\aws-query-protocol-2.10.54.jar;D:\GIANLUCA\Programacao\Ambiente\maven_repository\software\amazon\awssdk\protocol-core\2.10.54\protocol-core-2.10.54.jar;D:\GIANLUCA\Programacao\Ambiente\maven_repository\software\amazon\awssdk\sdk-core\2.10.54\sdk-core-2.10.54.jar;D:\GIANLUCA\Programacao\Ambiente\maven_repository\software\amazon\awssdk\profiles\2.10.54\profiles-2.10.54.jar;D:\GIANLUCA\Programacao\Ambiente\maven_repository\org\slf4j\slf4j-api\1.7.28\slf4j-api-1.7.28.jar;D:\GIANLUCA\Programacao\Ambiente\maven_repository\com\fasterxml\jackson\core\jackson-core\2.10.0\jackson-core-2.10.0.jar;D:\GIANLUCA\Programacao\Ambiente\maven_repository\com\fasterxml\jackson\core\jackson-databind\2.10.0\jackson-databind-2.10.0.jar;D:\GIANLUCA\Programacao\Ambiente\maven_repository\org\reactivestreams\reactive-streams\1.0.2\reactive-streams-1.0.2.jar;D:\GIANLUCA\Programacao\Ambiente\maven_repository\software\amazon\awssdk\auth\2.10.54\auth-2.10.54.jar;D:\GIANLUCA\Programacao\Ambiente\maven_repository\software\amazon\eventstream\eventstream\1.0.1\eventstream-1.0.1.jar;D:\GIANLUCA\Programacao\Ambiente\maven_repository\software\amazon\awssdk\http-client-spi\2.10.54\http-client-spi-2.10.54.jar;D:\GIANLUCA\Programacao\Ambiente\maven_repository\software\amazon\awssdk\regions\2.10.54\regions-2.10.54.jar;D:\GIANLUCA\Programacao\Ambiente\maven_repository\com\fasterxml\jackson\core\jackson-annotations\2.9.0\jackson-annotations-2.9.0.jar;D:\GIANLUCA\Programacao\Ambiente\maven_repository\software\amazon\awssdk\annotations\2.10.54\annotations-2.10.54.jar;D:\GIANLUCA\Programacao\Ambiente\maven_repository\software\amazon\awssdk\utils\2.10.54\utils-2.10.54.jar;D:\GIANLUCA\Programacao\Ambiente\maven_repository\software\amazon\awssdk\aws-core\2.10.54\aws-core-2.10.54.jar;D:\GIANLUCA\Programacao\Ambiente\maven_repository\software\amazon\awssdk\apache-client\2.10.54\apache-client-2.10.54.jar;D:\GIANLUCA\Programacao\Ambiente\maven_repository\org\apache\httpcomponents\httpclient\4.5.9\httpclient-4.5.9.jar;D:\GIANLUCA\Programacao\Ambiente\maven_repository\commons-logging\commons-logging\1.2\commons-logging-1.2.jar;D:\GIANLUCA\Programacao\Ambiente\maven_repository\commons-codec\commons-codec\1.11\commons-codec-1.11.jar;D:\GIANLUCA\Programacao\Ambiente\maven_repository\org\apache\httpcomponents\httpcore\4.4.11\httpcore-4.4.11.jar;D:\GIANLUCA\Programacao\Ambiente\maven_repository\software\amazon\awssdk\netty-nio-client\2.10.54\netty-nio-client-2.10.54.jar;D:\GIANLUCA\Programacao\Ambiente\maven_repository\io\netty\netty-codec-http\4.1.42.Final\netty-codec-http-4.1.42.Final.jar;D:\GIANLUCA\Programacao\Ambiente\maven_repository\io\netty\netty-codec-http2\4.1.42.Final\netty-codec-http2-4.1.42.Final.jar;D:\GIANLUCA\Programacao\Ambiente\maven_repository\io\netty\netty-codec\4.1.42.Final\netty-codec-4.1.42.Final.jar;D:\GIANLUCA\Programacao\Ambiente\maven_repository\io\netty\netty-transport\4.1.42.Final\netty-transport-4.1.42.Final.jar;D:\GIANLUCA\Programacao\Ambiente\maven_repository\io\netty\netty-resolver\4.1.42.Final\netty-resolver-4.1.42.Final.jar;D:\GIANLUCA\Programacao\Ambiente\maven_repository\io\netty\netty-common\4.1.42.Final\netty-common-4.1.42.Final.jar;D:\GIANLUCA\Programacao\Ambiente\maven_repository\io\netty\netty-buffer\4.1.42.Final\netty-buffer-4.1.42.Final.jar;D:\GIANLUCA\Programacao\Ambiente\maven_repository\io\netty\netty-handler\4.1.42.Final\netty-handler-4.1.42.Final.jar;D:\GIANLUCA\Programacao\Ambiente\maven_repository\io\netty\netty-transport-native-epoll\4.1.42.Final\netty-transport-native-epoll-4.1.42.Final-linux-x86_64.jar;D:\GIANLUCA\Programacao\Ambiente\maven_repository\io\netty\netty-transport-native-unix-common\4.1.42.Final\netty-transport-native-unix-common-4.1.42.Final.jar;D:\GIANLUCA\Programacao\Ambiente\maven_repository\com\typesafe\netty\netty-reactive-streams-http\2.0.4\netty-reactive-streams-http-2.0.4.jar;D:\GIANLUCA\Programacao\Ambiente\maven_repository\com\typesafe\netty\netty-reactive-streams\2.0.4\netty-reactive-streams-2.0.4.jar;D:\GIANLUCA\Programacao\Ambiente\maven_repository\junit\junit\4.11\junit-4.11.jar;D:\GIANLUCA\Programacao\Ambiente\maven_repository\org\hamcrest\hamcrest-core\1.3\hamcrest-core-1.3.jar;"/>
    <property name="sun.cpu.endian" value="little"/>
    <property name="user.home" value="C:\Users\gianh"/>
    <property name="user.language" value="pt"/>
    <property name="java.specification.vendor" value="Oracle Corporation"/>
    <property name="java.version.date" value="2021-10-19"/>
    <property name="java.home" value="C:\Program Files\Java\jdk-17.0.1"/>
    <property name="file.separator" value="\"/>
    <property name="basedir" value="D:\GIANLUCA\Programacao\workspace\visual-studio\aws-quickstarts\sns\snsjavasdk\javasdk"/>
    <property name="java.vm.compressedOopsMode" value="32-bit"/>
    <property name="line.separator" value="&#10;"/>
    <property name="java.vm.specification.vendor" value="Oracle Corporation"/>
    <property name="java.specification.name" value="Java Platform API Specification"/>
    <property name="surefire.real.class.path" value="C:\Users\gianh\AppData\Local\Temp\surefire17524708489408685368\surefirebooter6759605224755869266.jar"/>
    <property name="user.script" value=""/>
    <property name="sun.management.compiler" value="HotSpot 64-Bit Tiered Compilers"/>
    <property name="java.runtime.version" value="17.0.1+12-LTS-39"/>
    <property name="user.name" value="gianh"/>
    <property name="path.separator" value=";"/>
    <property name="os.version" value="10.0"/>
    <property name="java.runtime.name" value="Java(TM) SE Runtime Environment"/>
    <property name="file.encoding" value="Cp1252"/>
    <property name="java.vm.name" value="Java HotSpot(TM) 64-Bit Server VM"/>
    <property name="localRepository" value="D:\GIANLUCA\Programacao\Ambiente\maven_repository"/>
    <property name="java.vendor.url.bug" value="https://bugreport.java.com/bugreport/"/>
    <property name="java.io.tmpdir" value="C:\Users\gianh\AppData\Local\Temp\"/>
    <property name="java.version" value="17.0.1"/>
    <property name="user.dir" value="D:\GIANLUCA\Programacao\workspace\visual-studio\aws-quickstarts\sns\snsjavasdk\javasdk"/>
    <property name="os.arch" value="amd64"/>
    <property name="java.vm.specification.name" value="Java Virtual Machine Specification"/>
    <property name="sun.os.patch.level" value=""/>
    <property name="native.encoding" value="Cp1252"/>
    <property name="java.library.path" value="C:\Program Files\Java\jdk-17.0.1\bin;C:\WINDOWS\Sun\Java\bin;C:\WINDOWS\system32;C:\WINDOWS;C:\Python310\Scripts\;C:\Python310\;C:\Program Files\Common Files\Oracle\Java\javapath;C:\Program Files\Eclipse Foundation\jdk-11.0.12.7-hotspot\bin;C:\Program Files (x86)\Common Files\Oracle\Java\javapath;C:\Windows\system32;C:\Windows;C:\Windows\System32\Wbem;C:\Windows\System32\WindowsPowerShell\v1.0\;C:\Windows\System32\OpenSSH\;C:\Program Files (x86)\NVIDIA Corporation\PhysX\Common;C:\Program Files\NVIDIA Corporation\NVIDIA NvDLISR;C:\WINDOWS\system32;C:\WINDOWS;C:\WINDOWS\System32\Wbem;C:\WINDOWS\System32\WindowsPowerShell\v1.0\;C:\WINDOWS\System32\OpenSSH\;D:\GIANLUCA\Programacao\Ambiente\apache-maven-3.8.1\bin;C:\ProgramData\chocolatey\bin;D:\GIANLUCA\Programacao\Ambiente\gradle-7.3.3\bin;C:\Program Files\Docker\Docker\resources\bin;C:\ProgramData\DockerDesktop\version-bin;C:\Program Files\Amazon\AWSCLIV2\;C:\Program Files\nodejs\;C:\Program Files\Git\cmd;C:\Program Files\dotnet\;C:\Users\gianh\AppData\Local\Microsoft\WindowsApps;C:\Users\gianh\AppData\Local\Programs\Microsoft VS Code\bin;D:\GIANLUCA\Programacao\Ambiente\apache-maven-3.8.1\bin;D:\GIANLUCA\Programacao\Ambiente\gradle-7.3.3\bin;C:\Program Files (x86)\GitHub CLI\;C:\Users\gianh\AppData\Roaming\npm;."/>
    <property name="java.vm.info" value="mixed mode, sharing"/>
    <property name="java.vendor" value="Oracle Corporation"/>
    <property name="java.vm.version" value="17.0.1+12-LTS-39"/>
    <property name="sun.io.unicode.encoding" value="UnicodeLittle"/>
    <property name="java.class.version" value="61.0"/>
  </properties>
  <testcase name="shouldAnswerWithTrue" classname="com.awsquickstarts.AppTest" time="0.001"/>
</testsuite>